nohup: ignoring input
INFO:root:Filtered nodes saved to /home/bml_ddi/TRACE-DDI/data/CGPD/
INFO:root:Filtered edges saved to /home/bml_ddi/TRACE-DDI/data/CGPD/
INFO:root:Starting multiprocessing pool...
INFO:root:Compound 20 RWR result saved.
INFO:root:Compound 250 RWR result saved.
INFO:root:Compound 160 RWR result saved.
INFO:root:Compound 270 RWR result saved.
INFO:root:Compound 130 RWR result saved.
INFO:root:Compound 390 RWR result saved.
INFO:root:Compound 260 RWR result saved.
INFO:root:Compound 10 RWR result saved.
INFO:root:Compound 280 RWR result saved.
INFO:root:Compound 410 RWR result saved.
INFO:root:Compound 60 RWR result saved.
INFO:root:Compound 310 RWR result saved.
INFO:root:Compound 210 RWR result saved.
INFO:root:Compound 30 RWR result saved.
INFO:root:Compound 0 RWR result saved.
INFO:root:Compound 70 RWR result saved.
INFO:root:Compound 330 RWR result saved.
INFO:root:Compound 320 RWR result saved.
INFO:root:Compound 220 RWR result saved.
INFO:root:Compound 40 RWR result saved.
INFO:root:Compound 240 RWR result saved.
INFO:root:Compound 360 RWR result saved.
INFO:root:Compound 420 RWR result saved.
INFO:root:Compound 290 RWR result saved.
INFO:root:Compound 200 RWR result saved.
INFO:root:Compound 50 RWR result saved.
INFO:root:Compound 370 RWR result saved.
INFO:root:Compound 430 RWR result saved.
INFO:root:Compound 150 RWR result saved.
INFO:root:Compound 300 RWR result saved.
INFO:root:Compound 120 RWR result saved.
INFO:root:Compound 440 RWR result saved.
INFO:root:Compound 21 RWR result saved.
INFO:root:Compound 380 RWR result saved.
INFO:root:Compound 110 RWR result saved.
INFO:root:Compound 230 RWR result saved.
INFO:root:Compound 190 RWR result saved.
INFO:root:Compound 340 RWR result saved.
INFO:root:Compound 350 RWR result saved.
INFO:root:Compound 90 RWR result saved.
INFO:root:Compound 140 RWR result saved.
INFO:root:Compound 100 RWR result saved.
INFO:root:Compound 80 RWR result saved.
INFO:root:Compound 180 RWR result saved.
INFO:root:Compound 400 RWR result saved.
INFO:root:Compound 281 RWR result saved.
INFO:root:Compound 31 RWR result saved.
INFO:root:Compound 170 RWR result saved.
INFO:root:Compound 271 RWR result saved.
INFO:root:Compound 161 RWR result saved.
INFO:root:Compound 11 RWR result saved.
INFO:root:Compound 331 RWR result saved.
INFO:root:Compound 411 RWR result saved.
INFO:root:Compound 311 RWR result saved.
INFO:root:Compound 261 RWR result saved.
INFO:root:Compound 241 RWR result saved.
INFO:root:Compound 251 RWR result saved.
INFO:root:Compound 71 RWR result saved.
INFO:root:Compound 291 RWR result saved.
INFO:root:Compound 371 RWR result saved.
INFO:root:Compound 101 RWR result saved.
INFO:root:Compound 131 RWR result saved.
INFO:root:Compound 121 RWR result saved.
INFO:root:Compound 22 RWR result saved.
INFO:root:Compound 211 RWR result saved.
INFO:root:Compound 201 RWR result saved.
INFO:root:Compound 361 RWR result saved.
INFO:root:Compound 61 RWR result saved.
INFO:root:Compound 391 RWR result saved.
INFO:root:Compound 41 RWR result saved.
INFO:root:Compound 441 RWR result saved.
INFO:root:Compound 301 RWR result saved.
INFO:root:Compound 51 RWR result saved.
INFO:root:Compound 1 RWR result saved.
INFO:root:Compound 221 RWR result saved.
INFO:root:Compound 111 RWR result saved.
INFO:root:Compound 12 RWR result saved.
INFO:root:Compound 351 RWR result saved.
INFO:root:Compound 321 RWR result saved.
INFO:root:Compound 421 RWR result saved.
INFO:root:Compound 162 RWR result saved.
INFO:root:Compound 141 RWR result saved.
INFO:root:Compound 381 RWR result saved.
INFO:root:Compound 181 RWR result saved.
INFO:root:Compound 332 RWR result saved.
INFO:root:Compound 431 RWR result saved.
INFO:root:Compound 151 RWR result saved.
INFO:root:Compound 191 RWR result saved.
INFO:root:Compound 401 RWR result saved.
INFO:root:Compound 91 RWR result saved.
INFO:root:Compound 272 RWR result saved.
INFO:root:Compound 282 RWR result saved.
INFO:root:Compound 102 RWR result saved.
INFO:root:Compound 292 RWR result saved.
INFO:root:Compound 341 RWR result saved.
INFO:root:Compound 81 RWR result saved.
INFO:root:Compound 231 RWR result saved.
INFO:root:Compound 32 RWR result saved.
INFO:root:Compound 171 RWR result saved.
INFO:root:Compound 312 RWR result saved.
INFO:root:Compound 322 RWR result saved.
INFO:root:Compound 412 RWR result saved.
INFO:root:Compound 302 RWR result saved.
INFO:root:Compound 142 RWR result saved.
INFO:root:Compound 242 RWR result saved.
INFO:root:Compound 252 RWR result saved.
INFO:root:Compound 192 RWR result saved.
INFO:root:Compound 432 RWR result saved.
INFO:root:Compound 372 RWR result saved.
INFO:root:Compound 72 RWR result saved.
INFO:root:Compound 52 RWR result saved.
INFO:root:Compound 442 RWR result saved.
INFO:root:Compound 262 RWR result saved.
INFO:root:Compound 13 RWR result saved.
INFO:root:Compound 392 RWR result saved.
INFO:root:Compound 112 RWR result saved.
INFO:root:Compound 2 RWR result saved.
INFO:root:Compound 222 RWR result saved.
INFO:root:Compound 152 RWR result saved.
INFO:root:Compound 92 RWR result saved.
INFO:root:Compound 23 RWR result saved.
INFO:root:Compound 362 RWR result saved.
INFO:root:Compound 82 RWR result saved.
INFO:root:Compound 132 RWR result saved.
INFO:root:Compound 352 RWR result saved.
INFO:root:Compound 182 RWR result saved.
INFO:root:Compound 283 RWR result saved.
INFO:root:Compound 172 RWR result saved.
INFO:root:Compound 422 RWR result saved.
INFO:root:Compound 323 RWR result saved.
INFO:root:Compound 212 RWR result saved.
INFO:root:Compound 163 RWR result saved.
INFO:root:Compound 202 RWR result saved.
INFO:root:Compound 303 RWR result saved.
INFO:root:Compound 413 RWR result saved.
INFO:root:Compound 122 RWR result saved.
INFO:root:Compound 62 RWR result saved.
INFO:root:Compound 103 RWR result saved.
INFO:root:Compound 42 RWR result saved.
INFO:root:Compound 243 RWR result saved.
INFO:root:Compound 382 RWR result saved.
INFO:root:Compound 253 RWR result saved.
INFO:root:Compound 333 RWR result saved.
INFO:root:Compound 293 RWR result saved.
INFO:root:Compound 14 RWR result saved.
INFO:root:Compound 273 RWR result saved.
INFO:root:Compound 193 RWR result saved.
INFO:root:Compound 402 RWR result saved.
INFO:root:Compound 324 RWR result saved.
INFO:root:Compound 313 RWR result saved.
INFO:root:Compound 393 RWR result saved.
INFO:root:Compound 143 RWR result saved.
INFO:root:Compound 33 RWR result saved.
INFO:root:Compound 232 RWR result saved.
INFO:root:Compound 173 RWR result saved.
INFO:root:Compound 24 RWR result saved.
INFO:root:Compound 342 RWR result saved.
INFO:root:Compound 363 RWR result saved.
INFO:root:Compound 3 RWR result saved.
INFO:root:Compound 164 RWR result saved.
INFO:root:Compound 433 RWR result saved.
INFO:root:Compound 104 RWR result saved.
INFO:root:Compound 73 RWR result saved.
INFO:root:Compound 353 RWR result saved.
INFO:root:Compound 223 RWR result saved.
INFO:root:Compound 153 RWR result saved.
INFO:root:Compound 304 RWR result saved.
INFO:root:Compound 93 RWR result saved.
INFO:root:Compound 15 RWR result saved.
INFO:root:Compound 443 RWR result saved.
INFO:root:Compound 334 RWR result saved.
INFO:root:Compound 373 RWR result saved.
INFO:root:Compound 53 RWR result saved.
INFO:root:Compound 263 RWR result saved.
INFO:root:Compound 113 RWR result saved.
INFO:root:Compound 213 RWR result saved.
INFO:root:Compound 83 RWR result saved.
INFO:root:Compound 194 RWR result saved.
INFO:root:Compound 403 RWR result saved.
INFO:root:Compound 123 RWR result saved.
INFO:root:Compound 274 RWR result saved.
INFO:root:Compound 203 RWR result saved.
INFO:root:Compound 423 RWR result saved.
INFO:root:Compound 284 RWR result saved.
INFO:root:Compound 254 RWR result saved.
INFO:root:Compound 414 RWR result saved.
INFO:root:Compound 133 RWR result saved.
INFO:root:Compound 383 RWR result saved.
INFO:root:Compound 183 RWR result saved.
INFO:root:Compound 63 RWR result saved.
INFO:root:Compound 244 RWR result saved.
INFO:root:Compound 394 RWR result saved.
INFO:root:Compound 233 RWR result saved.
INFO:root:Compound 354 RWR result saved.
INFO:root:Compound 43 RWR result saved.
INFO:root:Compound 174 RWR result saved.
INFO:root:Compound 25 RWR result saved.
INFO:root:Compound 264 RWR result saved.
INFO:root:Compound 16 RWR result saved.
INFO:root:Compound 335 RWR result saved.
INFO:root:Compound 364 RWR result saved.
INFO:root:Compound 94 RWR result saved.
INFO:root:Compound 4 RWR result saved.
INFO:root:Compound 314 RWR result saved.
INFO:root:Compound 54 RWR result saved.
INFO:root:Compound 144 RWR result saved.
INFO:root:Compound 224 RWR result saved.
INFO:root:Compound 74 RWR result saved.
INFO:root:Compound 105 RWR result saved.
INFO:root:Compound 124 RWR result saved.
INFO:root:Compound 424 RWR result saved.
INFO:root:Compound 325 RWR result saved.
INFO:root:Compound 165 RWR result saved.
INFO:root:Compound 343 RWR result saved.
INFO:root:Compound 294 RWR result saved.
INFO:root:Compound 255 RWR result saved.
INFO:root:Compound 34 RWR result saved.
INFO:root:Compound 305 RWR result saved.
INFO:root:Compound 355 RWR result saved.
INFO:root:Compound 384 RWR result saved.
INFO:root:Compound 195 RWR result saved.
INFO:root:Compound 444 RWR result saved.
INFO:root:Compound 275 RWR result saved.
INFO:root:Compound 84 RWR result saved.
INFO:root:Compound 134 RWR result saved.
INFO:root:Compound 434 RWR result saved.
INFO:root:Compound 114 RWR result saved.
INFO:root:Compound 154 RWR result saved.
INFO:root:Compound 425 RWR result saved.
INFO:root:Compound 285 RWR result saved.
INFO:root:Compound 214 RWR result saved.
INFO:root:Compound 404 RWR result saved.
INFO:root:Compound 336 RWR result saved.
INFO:root:Compound 374 RWR result saved.
INFO:root:Compound 234 RWR result saved.
INFO:root:Compound 415 RWR result saved.
INFO:root:Compound 204 RWR result saved.
INFO:root:Compound 64 RWR result saved.
INFO:root:Compound 26 RWR result saved.
INFO:root:Compound 106 RWR result saved.
INFO:root:Compound 95 RWR result saved.
INFO:root:Compound 365 RWR result saved.
INFO:root:Compound 5 RWR result saved.
INFO:root:Compound 276 RWR result saved.
INFO:root:Compound 175 RWR result saved.
INFO:root:Compound 184 RWR result saved.
INFO:root:Compound 125 RWR result saved.
INFO:root:Compound 17 RWR result saved.
INFO:root:Compound 44 RWR result saved.
INFO:root:Compound 245 RWR result saved.
INFO:root:Compound 256 RWR result saved.
INFO:root:Compound 385 RWR result saved.
INFO:root:Compound 85 RWR result saved.
INFO:root:Compound 395 RWR result saved.
INFO:root:Compound 265 RWR result saved.
INFO:root:Compound 75 RWR result saved.
INFO:root:Compound 55 RWR result saved.
INFO:root:Compound 235 RWR result saved.
INFO:root:Compound 315 RWR result saved.
INFO:root:Compound 356 RWR result saved.
INFO:root:Compound 35 RWR result saved.
INFO:root:Compound 426 RWR result saved.
INFO:root:Compound 295 RWR result saved.
INFO:root:Compound 225 RWR result saved.
INFO:root:Compound 96 RWR result saved.
INFO:root:Compound 27 RWR result saved.
INFO:root:Compound 405 RWR result saved.
INFO:root:Compound 145 RWR result saved.
INFO:root:Compound 435 RWR result saved.
INFO:root:Compound 6 RWR result saved.
INFO:root:Compound 306 RWR result saved.
INFO:root:Compound 344 RWR result saved.
INFO:root:Compound 196 RWR result saved.
INFO:root:Compound 445 RWR result saved.
INFO:root:Compound 326 RWR result saved.
INFO:root:Compound 277 RWR result saved.
INFO:root:Compound 215 RWR result saved.
INFO:root:Compound 135 RWR result saved.
INFO:root:Compound 236 RWR result saved.
INFO:root:Compound 416 RWR result saved.
INFO:root:Compound 166 RWR result saved.
INFO:root:Compound 205 RWR result saved.
INFO:root:Compound 18 RWR result saved.
INFO:root:Compound 155 RWR result saved.
INFO:root:Compound 257 RWR result saved.
INFO:root:Compound 65 RWR result saved.
INFO:root:Compound 337 RWR result saved.
INFO:root:Compound 185 RWR result saved.
INFO:root:Compound 386 RWR result saved.
INFO:root:Compound 115 RWR result saved.
INFO:root:Compound 375 RWR result saved.
INFO:root:Compound 107 RWR result saved.
INFO:root:Compound 86 RWR result saved.
INFO:root:Compound 286 RWR result saved.
INFO:root:Compound 246 RWR result saved.
INFO:root:Compound 176 RWR result saved.
INFO:root:Compound 307 RWR result saved.
INFO:root:Compound 446 RWR result saved.
INFO:root:Compound 237 RWR result saved.
INFO:root:Compound 436 RWR result saved.
INFO:root:Compound 396 RWR result saved.
INFO:root:Compound 7 RWR result saved.
INFO:root:Compound 126 RWR result saved.
INFO:root:Compound 45 RWR result saved.
INFO:root:Compound 97 RWR result saved.
INFO:root:Compound 36 RWR result saved.
INFO:root:Compound 266 RWR result saved.
INFO:root:Compound 366 RWR result saved.
INFO:root:Compound 19 RWR result saved.
INFO:root:Compound 417 RWR result saved.
INFO:root:Compound 197 RWR result saved.
INFO:root:Compound 427 RWR result saved.
INFO:root:Compound 56 RWR result saved.
INFO:root:Compound 226 RWR result saved.
INFO:root:Compound 66 RWR result saved.
INFO:root:Compound 28 RWR result saved.
INFO:root:Compound 186 RWR result saved.
INFO:root:Compound 327 RWR result saved.
INFO:root:Compound 387 RWR result saved.
INFO:root:Compound 406 RWR result saved.
INFO:root:Compound 357 RWR result saved.
INFO:root:Compound 447 RWR result saved.
INFO:root:Compound 146 RWR result saved.
INFO:root:Compound 76 RWR result saved.
INFO:root:Compound 316 RWR result saved.
INFO:root:Compound 167 RWR result saved.
INFO:root:Compound 136 RWR result saved.
INFO:root:Compound 216 RWR result saved.
INFO:root:Compound 296 RWR result saved.
INFO:root:Compound 278 RWR result saved.
INFO:root:Compound 437 RWR result saved.
INFO:root:Compound 238 RWR result saved.
INFO:root:Compound 345 RWR result saved.
INFO:root:Compound 8 RWR result saved.
INFO:root:Compound 108 RWR result saved.
INFO:root:Compound 418 RWR result saved.
INFO:root:Compound 338 RWR result saved.
INFO:root:Compound 187 RWR result saved.
INFO:root:Compound 308 RWR result saved.
INFO:root:Compound 258 RWR result saved.
INFO:root:Compound 156 RWR result saved.
INFO:root:Compound 116 RWR result saved.
INFO:root:Compound 247 RWR result saved.
INFO:root:Compound 206 RWR result saved.
INFO:root:Compound 428 RWR result saved.
INFO:root:Compound 98 RWR result saved.
INFO:root:Compound 37 RWR result saved.
INFO:root:Compound 388 RWR result saved.
INFO:root:Compound 87 RWR result saved.
INFO:root:Compound 57 RWR result saved.
INFO:root:Compound 438 RWR result saved.
INFO:root:Compound 177 RWR result saved.
INFO:root:Compound 448 RWR result saved.
INFO:root:Compound 168 RWR result saved.
INFO:root:Compound 287 RWR result saved.
INFO:root:Compound 29 RWR result saved.
INFO:root:Compound 376 RWR result saved.
INFO:root:Compound 450 RWR result saved.
INFO:root:Compound 267 RWR result saved.
INFO:root:Compound 46 RWR result saved.
INFO:root:Compound 358 RWR result saved.
INFO:root:Compound 397 RWR result saved.
INFO:root:Compound 239 RWR result saved.
INFO:root:Compound 127 RWR result saved.
INFO:root:Compound 328 RWR result saved.
INFO:root:Compound 137 RWR result saved.
INFO:root:Compound 407 RWR result saved.
INFO:root:Compound 67 RWR result saved.
INFO:root:Compound 188 RWR result saved.
INFO:root:Compound 297 RWR result saved.
INFO:root:Compound 419 RWR result saved.
INFO:root:Compound 147 RWR result saved.
INFO:root:Compound 9 RWR result saved.
INFO:root:Compound 439 RWR result saved.
INFO:root:Compound 77 RWR result saved.
INFO:root:Compound 367 RWR result saved.
INFO:root:Compound 217 RWR result saved.
INFO:root:Compound 389 RWR result saved.
INFO:root:Compound 198 RWR result saved.
INFO:root:Compound 317 RWR result saved.
INFO:root:Compound 346 RWR result saved.
INFO:root:Compound 449 RWR result saved.
INFO:root:Compound 309 RWR result saved.
INFO:root:Compound 227 RWR result saved.
INFO:root:Compound 429 RWR result saved.
INFO:root:Compound 339 RWR result saved.
INFO:root:Compound 38 RWR result saved.
INFO:root:Compound 279 RWR result saved.
INFO:root:Compound 117 RWR result saved.
INFO:root:Compound 460 RWR result saved.
INFO:root:Compound 248 RWR result saved.
INFO:root:Compound 359 RWR result saved.
INFO:root:Compound 58 RWR result saved.
INFO:root:Compound 88 RWR result saved.
INFO:root:Compound 259 RWR result saved.
INFO:root:Compound 157 RWR result saved.
INFO:root:Compound 99 RWR result saved.
INFO:root:Compound 178 RWR result saved.
INFO:root:Compound 377 RWR result saved.
INFO:root:Compound 169 RWR result saved.
INFO:root:Compound 109 RWR result saved.
INFO:root:Compound 138 RWR result saved.
INFO:root:Compound 470 RWR result saved.
INFO:root:Compound 298 RWR result saved.
INFO:root:Compound 207 RWR result saved.
INFO:root:Compound 329 RWR result saved.
INFO:root:Compound 189 RWR result saved.
INFO:root:Compound 268 RWR result saved.
INFO:root:Compound 288 RWR result saved.
INFO:root:Compound 218 RWR result saved.
INFO:root:Compound 128 RWR result saved.
INFO:root:Compound 47 RWR result saved.
INFO:root:Compound 398 RWR result saved.
INFO:root:Compound 408 RWR result saved.
INFO:root:Compound 199 RWR result saved.
INFO:root:Compound 480 RWR result saved.
INFO:root:Compound 451 RWR result saved.
INFO:root:Compound 540 RWR result saved.
INFO:root:Compound 78 RWR result saved.
INFO:root:Compound 68 RWR result saved.
INFO:root:Compound 148 RWR result saved.
INFO:root:Compound 500 RWR result saved.
INFO:root:Compound 158 RWR result saved.
INFO:root:Compound 228 RWR result saved.
INFO:root:Compound 490 RWR result saved.
INFO:root:Compound 461 RWR result saved.
INFO:root:Compound 610 RWR result saved.
INFO:root:Compound 368 RWR result saved.
INFO:root:Compound 139 RWR result saved.
INFO:root:Compound 471 RWR result saved.
INFO:root:Compound 510 RWR result saved.
INFO:root:Compound 347 RWR result saved.
INFO:root:Compound 550 RWR result saved.
INFO:root:Compound 520 RWR result saved.
INFO:root:Compound 590 RWR result saved.
INFO:root:Compound 580 RWR result saved.
INFO:root:Compound 118 RWR result saved.
INFO:root:Compound 481 RWR result saved.
INFO:root:Compound 541 RWR result saved.
INFO:root:Compound 59 RWR result saved.
INFO:root:Compound 269 RWR result saved.
INFO:root:Compound 530 RWR result saved.
INFO:root:Compound 318 RWR result saved.
INFO:root:Compound 79 RWR result saved.
INFO:root:Compound 129 RWR result saved.
INFO:root:Compound 640 RWR result saved.
INFO:root:Compound 89 RWR result saved.
INFO:root:Compound 249 RWR result saved.
INFO:root:Compound 208 RWR result saved.
INFO:root:Compound 39 RWR result saved.
INFO:root:Compound 399 RWR result saved.
INFO:root:Compound 179 RWR result saved.
INFO:root:Compound 149 RWR result saved.
INFO:root:Compound 378 RWR result saved.
INFO:root:Compound 289 RWR result saved.
INFO:root:Compound 600 RWR result saved.
INFO:root:Compound 560 RWR result saved.
INFO:root:Compound 48 RWR result saved.
INFO:root:Compound 409 RWR result saved.
INFO:root:Compound 620 RWR result saved.
INFO:root:Compound 299 RWR result saved.
INFO:root:Compound 219 RWR result saved.
INFO:root:Compound 630 RWR result saved.
INFO:root:Compound 570 RWR result saved.
INFO:root:Compound 501 RWR result saved.
INFO:root:Compound 229 RWR result saved.
INFO:root:Compound 69 RWR result saved.
INFO:root:Compound 511 RWR result saved.
INFO:root:Compound 551 RWR result saved.
INFO:root:Compound 650 RWR result saved.
INFO:root:Compound 491 RWR result saved.
INFO:root:Compound 452 RWR result saved.
INFO:root:Compound 531 RWR result saved.
INFO:root:Compound 159 RWR result saved.
INFO:root:Compound 462 RWR result saved.
INFO:root:Compound 591 RWR result saved.
INFO:root:Compound 611 RWR result saved.
INFO:root:Compound 348 RWR result saved.
INFO:root:Compound 472 RWR result saved.
INFO:root:Compound 521 RWR result saved.
INFO:root:Compound 641 RWR result saved.
INFO:root:Compound 542 RWR result saved.
INFO:root:Compound 680 RWR result saved.
INFO:root:Compound 690 RWR result saved.
INFO:root:Compound 790 RWR result saved.
INFO:root:Compound 720 RWR result saved.
INFO:root:Compound 780 RWR result saved.
INFO:root:Compound 581 RWR result saved.
INFO:root:Compound 369 RWR result saved.
INFO:root:Compound 700 RWR result saved.
INFO:root:Compound 379 RWR result saved.
INFO:root:Compound 482 RWR result saved.
INFO:root:Compound 601 RWR result saved.
INFO:root:Compound 119 RWR result saved.
INFO:root:Compound 710 RWR result saved.
INFO:root:Compound 800 RWR result saved.
INFO:root:Compound 319 RWR result saved.
INFO:root:Compound 730 RWR result saved.
INFO:root:Compound 770 RWR result saved.
INFO:root:Compound 492 RWR result saved.
INFO:root:Compound 670 RWR result saved.
INFO:root:Compound 512 RWR result saved.
INFO:root:Compound 49 RWR result saved.
INFO:root:Compound 760 RWR result saved.
INFO:root:Compound 660 RWR result saved.
INFO:root:Compound 740 RWR result saved.
INFO:root:Compound 651 RWR result saved.
INFO:root:Compound 582 RWR result saved.
INFO:root:Compound 631 RWR result saved.
INFO:root:Compound 209 RWR result saved.
INFO:root:Compound 532 RWR result saved.
INFO:root:Compound 571 RWR result saved.
INFO:root:Compound 750 RWR result saved.
INFO:root:Compound 453 RWR result saved.
INFO:root:Compound 621 RWR result saved.
INFO:root:Compound 502 RWR result saved.
INFO:root:Compound 463 RWR result saved.
INFO:root:Compound 721 RWR result saved.
INFO:root:Compound 840 RWR result saved.
INFO:root:Compound 820 RWR result saved.
INFO:root:Compound 671 RWR result saved.
INFO:root:Compound 349 RWR result saved.
INFO:root:Compound 691 RWR result saved.
INFO:root:Compound 810 RWR result saved.
INFO:root:Compound 781 RWR result saved.
INFO:root:Compound 552 RWR result saved.
INFO:root:Compound 801 RWR result saved.
INFO:root:Compound 602 RWR result saved.
INFO:root:Compound 522 RWR result saved.
INFO:root:Compound 850 RWR result saved.
INFO:root:Compound 561 RWR result saved.
INFO:root:Compound 791 RWR result saved.
INFO:root:Compound 473 RWR result saved.
INFO:root:Compound 751 RWR result saved.
INFO:root:Compound 771 RWR result saved.
INFO:root:Compound 592 RWR result saved.
INFO:root:Compound 612 RWR result saved.
INFO:root:Compound 830 RWR result saved.
INFO:root:Compound 681 RWR result saved.
INFO:root:Compound 870 RWR result saved.
INFO:root:Compound 454 RWR result saved.
INFO:root:Compound 642 RWR result saved.
INFO:root:Compound 711 RWR result saved.
INFO:root:Compound 731 RWR result saved.
INFO:root:Compound 513 RWR result saved.
INFO:root:Compound 622 RWR result saved.
INFO:root:Compound 543 RWR result saved.
INFO:root:Compound 821 RWR result saved.
INFO:root:Compound 860 RWR result saved.
INFO:root:Compound 533 RWR result saved.
INFO:root:Compound 722 RWR result saved.
INFO:root:Compound 483 RWR result saved.
INFO:root:Compound 811 RWR result saved.
INFO:root:Compound 841 RWR result saved.
INFO:root:Compound 493 RWR result saved.
INFO:root:Compound 572 RWR result saved.
INFO:root:Compound 761 RWR result saved.
INFO:root:Compound 802 RWR result saved.
INFO:root:Compound 652 RWR result saved.
INFO:root:Compound 583 RWR result saved.
INFO:root:Compound 880 RWR result saved.
INFO:root:Compound 792 RWR result saved.
INFO:root:Compound 701 RWR result saved.
INFO:root:Compound 672 RWR result saved.
INFO:root:Compound 831 RWR result saved.
INFO:root:Compound 661 RWR result saved.
INFO:root:Compound 890 RWR result saved.
INFO:root:Compound 741 RWR result saved.
INFO:root:Compound 503 RWR result saved.
INFO:root:Compound 632 RWR result saved.
INFO:root:Compound 772 RWR result saved.
INFO:root:Compound 455 RWR result saved.
INFO:root:Compound 464 RWR result saved.
INFO:root:Compound 682 RWR result saved.
INFO:root:Compound 782 RWR result saved.
INFO:root:Compound 692 RWR result saved.
INFO:root:Compound 752 RWR result saved.
INFO:root:Compound 593 RWR result saved.
INFO:root:Compound 623 RWR result saved.
INFO:root:Compound 553 RWR result saved.
INFO:root:Compound 562 RWR result saved.
INFO:root:Compound 474 RWR result saved.
INFO:root:Compound 822 RWR result saved.
INFO:root:Compound 573 RWR result saved.
INFO:root:Compound 851 RWR result saved.
INFO:root:Compound 793 RWR result saved.
INFO:root:Compound 812 RWR result saved.
INFO:root:Compound 613 RWR result saved.
INFO:root:Compound 712 RWR result saved.
INFO:root:Compound 861 RWR result saved.
INFO:root:Compound 643 RWR result saved.
INFO:root:Compound 603 RWR result saved.
INFO:root:Compound 523 RWR result saved.
INFO:root:Compound 881 RWR result saved.
INFO:root:Compound 494 RWR result saved.
INFO:root:Compound 871 RWR result saved.
INFO:root:Compound 732 RWR result saved.
INFO:root:Compound 534 RWR result saved.
INFO:root:Compound 544 RWR result saved.
INFO:root:Compound 742 RWR result saved.
INFO:root:Compound 762 RWR result saved.
INFO:root:Compound 584 RWR result saved.
INFO:root:Compound 842 RWR result saved.
INFO:root:Compound 723 RWR result saved.
INFO:root:Compound 456 RWR result saved.
INFO:root:Compound 514 RWR result saved.
INFO:root:Compound 753 RWR result saved.
INFO:root:Compound 662 RWR result saved.
INFO:root:Compound 484 RWR result saved.
INFO:root:Compound 633 RWR result saved.
INFO:root:Compound 504 RWR result saved.
INFO:root:Compound 693 RWR result saved.
INFO:root:Compound 574 RWR result saved.
INFO:root:Compound 803 RWR result saved.
INFO:root:Compound 823 RWR result saved.
INFO:root:Compound 832 RWR result saved.
INFO:root:Compound 653 RWR result saved.
INFO:root:Compound 673 RWR result saved.
INFO:root:Compound 891 RWR result saved.
INFO:root:Compound 683 RWR result saved.
INFO:root:Compound 624 RWR result saved.
INFO:root:Compound 702 RWR result saved.
INFO:root:Compound 783 RWR result saved.
INFO:root:Compound 563 RWR result saved.
INFO:root:Compound 773 RWR result saved.
INFO:root:Compound 475 RWR result saved.
INFO:root:Compound 554 RWR result saved.
INFO:root:Compound 465 RWR result saved.
INFO:root:Compound 794 RWR result saved.
INFO:root:Compound 852 RWR result saved.
INFO:root:Compound 485 RWR result saved.
INFO:root:Compound 495 RWR result saved.
INFO:root:Compound 804 RWR result saved.
INFO:root:Compound 625 RWR result saved.
INFO:root:Compound 457 RWR result saved.
INFO:root:Compound 594 RWR result saved.
INFO:root:Compound 892 RWR result saved.
INFO:root:Compound 713 RWR result saved.
INFO:root:Compound 694 RWR result saved.
INFO:root:Compound 634 RWR result saved.
INFO:root:Compound 882 RWR result saved.
INFO:root:Compound 743 RWR result saved.
INFO:root:Compound 614 RWR result saved.
INFO:root:Compound 733 RWR result saved.
INFO:root:Compound 505 RWR result saved.
INFO:root:Compound 763 RWR result saved.
INFO:root:Compound 813 RWR result saved.
INFO:root:Compound 604 RWR result saved.
INFO:root:Compound 862 RWR result saved.
INFO:root:Compound 824 RWR result saved.
INFO:root:Compound 524 RWR result saved.
INFO:root:Compound 663 RWR result saved.
INFO:root:Compound 575 RWR result saved.
INFO:root:Compound 535 RWR result saved.
INFO:root:Compound 674 RWR result saved.
INFO:root:Compound 545 RWR result saved.
INFO:root:Compound 684 RWR result saved.
INFO:root:Compound 703 RWR result saved.
INFO:root:Compound 872 RWR result saved.
INFO:root:Compound 843 RWR result saved.
INFO:root:Compound 515 RWR result saved.
INFO:root:Compound 585 RWR result saved.
INFO:root:Compound 644 RWR result saved.
INFO:root:Compound 654 RWR result saved.
INFO:root:Compound 724 RWR result saved.
INFO:root:Compound 754 RWR result saved.
INFO:root:Compound 805 RWR result saved.
INFO:root:Compound 466 RWR result saved.
INFO:root:Compound 784 RWR result saved.
INFO:root:Compound 833 RWR result saved.
INFO:root:Compound 883 RWR result saved.
INFO:root:Compound 863 RWR result saved.
INFO:root:Compound 764 RWR result saved.
INFO:root:Compound 795 RWR result saved.
INFO:root:Compound 626 RWR result saved.
INFO:root:Compound 458 RWR result saved.
INFO:root:Compound 564 RWR result saved.
INFO:root:Compound 825 RWR result saved.
INFO:root:Compound 476 RWR result saved.
INFO:root:Compound 695 RWR result saved.
INFO:root:Compound 893 RWR result saved.
INFO:root:Compound 615 RWR result saved.
INFO:root:Compound 814 RWR result saved.
INFO:root:Compound 774 RWR result saved.
INFO:root:Compound 496 RWR result saved.
INFO:root:Compound 595 RWR result saved.
INFO:root:Compound 675 RWR result saved.
INFO:root:Compound 555 RWR result saved.
INFO:root:Compound 853 RWR result saved.
INFO:root:Compound 546 RWR result saved.
INFO:root:Compound 486 RWR result saved.
INFO:root:Compound 525 RWR result saved.
INFO:root:Compound 744 RWR result saved.
INFO:root:Compound 734 RWR result saved.
INFO:root:Compound 655 RWR result saved.
INFO:root:Compound 864 RWR result saved.
INFO:root:Compound 714 RWR result saved.
INFO:root:Compound 586 RWR result saved.
INFO:root:Compound 844 RWR result saved.
INFO:root:Compound 704 RWR result saved.
INFO:root:Compound 536 RWR result saved.
INFO:root:Compound 576 RWR result saved.
INFO:root:Compound 635 RWR result saved.
INFO:root:Compound 605 RWR result saved.
INFO:root:Compound 664 RWR result saved.
INFO:root:Compound 685 RWR result saved.
INFO:root:Compound 796 RWR result saved.
INFO:root:Compound 765 RWR result saved.
INFO:root:Compound 506 RWR result saved.
INFO:root:Compound 834 RWR result saved.
INFO:root:Compound 497 RWR result saved.
INFO:root:Compound 826 RWR result saved.
INFO:root:Compound 785 RWR result saved.
INFO:root:Compound 467 RWR result saved.
INFO:root:Compound 596 RWR result saved.
INFO:root:Compound 645 RWR result saved.
INFO:root:Compound 735 RWR result saved.
INFO:root:Compound 873 RWR result saved.
INFO:root:Compound 894 RWR result saved.
INFO:root:Compound 745 RWR result saved.
INFO:root:Compound 755 RWR result saved.
INFO:root:Compound 865 RWR result saved.
INFO:root:Compound 516 RWR result saved.
INFO:root:Compound 806 RWR result saved.
INFO:root:Compound 725 RWR result saved.
INFO:root:Compound 676 RWR result saved.
INFO:root:Compound 775 RWR result saved.
INFO:root:Compound 884 RWR result saved.
INFO:root:Compound 627 RWR result saved.
INFO:root:Compound 565 RWR result saved.
INFO:root:Compound 616 RWR result saved.
INFO:root:Compound 487 RWR result saved.
INFO:root:Compound 526 RWR result saved.
INFO:root:Compound 696 RWR result saved.
INFO:root:Compound 459 RWR result saved.
INFO:root:Compound 715 RWR result saved.
INFO:root:Compound 845 RWR result saved.
INFO:root:Compound 556 RWR result saved.
INFO:root:Compound 656 RWR result saved.
INFO:root:Compound 606 RWR result saved.
INFO:root:Compound 885 RWR result saved.
INFO:root:Compound 537 RWR result saved.
INFO:root:Compound 477 RWR result saved.
INFO:root:Compound 547 RWR result saved.
INFO:root:Compound 835 RWR result saved.
INFO:root:Compound 815 RWR result saved.
INFO:root:Compound 766 RWR result saved.
INFO:root:Compound 705 RWR result saved.
INFO:root:Compound 797 RWR result saved.
INFO:root:Compound 807 RWR result saved.
INFO:root:Compound 686 RWR result saved.
INFO:root:Compound 874 RWR result saved.
INFO:root:Compound 587 RWR result saved.
INFO:root:Compound 756 RWR result saved.
INFO:root:Compound 566 RWR result saved.
INFO:root:Compound 597 RWR result saved.
INFO:root:Compound 636 RWR result saved.
INFO:root:Compound 517 RWR result saved.
INFO:root:Compound 617 RWR result saved.
INFO:root:Compound 665 RWR result saved.
INFO:root:Compound 895 RWR result saved.
INFO:root:Compound 577 RWR result saved.
INFO:root:Compound 854 RWR result saved.
INFO:root:Compound 677 RWR result saved.
INFO:root:Compound 468 RWR result saved.
INFO:root:Compound 498 RWR result saved.
INFO:root:Compound 507 RWR result saved.
INFO:root:Compound 736 RWR result saved.
INFO:root:Compound 827 RWR result saved.
INFO:root:Compound 786 RWR result saved.
INFO:root:Compound 836 RWR result saved.
INFO:root:Compound 598 RWR result saved.
INFO:root:Compound 527 RWR result saved.
INFO:root:Compound 646 RWR result saved.
INFO:root:Compound 657 RWR result saved.
INFO:root:Compound 846 RWR result saved.
INFO:root:Compound 618 RWR result saved.
INFO:root:Compound 757 RWR result saved.
INFO:root:Compound 628 RWR result saved.
INFO:root:Compound 866 RWR result saved.
INFO:root:Compound 726 RWR result saved.
INFO:root:Compound 488 RWR result saved.
INFO:root:Compound 697 RWR result saved.
INFO:root:Compound 798 RWR result saved.
INFO:root:Compound 746 RWR result saved.
INFO:root:Compound 607 RWR result saved.
INFO:root:Compound 886 RWR result saved.
INFO:root:Compound 518 RWR result saved.
INFO:root:Compound 816 RWR result saved.
INFO:root:Compound 716 RWR result saved.
INFO:root:Compound 776 RWR result saved.
INFO:root:Compound 637 RWR result saved.
INFO:root:Compound 548 RWR result saved.
INFO:root:Compound 875 RWR result saved.
INFO:root:Compound 578 RWR result saved.
INFO:root:Compound 767 RWR result saved.
INFO:root:Compound 538 RWR result saved.
INFO:root:Compound 557 RWR result saved.
INFO:root:Compound 837 RWR result saved.
INFO:root:Compound 508 RWR result saved.
INFO:root:Compound 828 RWR result saved.
INFO:root:Compound 855 RWR result saved.
INFO:root:Compound 599 RWR result saved.
INFO:root:Compound 478 RWR result saved.
INFO:root:Compound 666 RWR result saved.
INFO:root:Compound 567 RWR result saved.
INFO:root:Compound 900 RWR result saved.
INFO:root:Compound 619 RWR result saved.
INFO:root:Compound 706 RWR result saved.
INFO:root:Compound 737 RWR result saved.
INFO:root:Compound 808 RWR result saved.
INFO:root:Compound 847 RWR result saved.
INFO:root:Compound 896 RWR result saved.
INFO:root:Compound 678 RWR result saved.
INFO:root:Compound 608 RWR result saved.
INFO:root:Compound 787 RWR result saved.
INFO:root:Compound 687 RWR result saved.
INFO:root:Compound 588 RWR result saved.
INFO:root:Compound 469 RWR result saved.
INFO:root:Compound 499 RWR result saved.
INFO:root:Compound 876 RWR result saved.
INFO:root:Compound 838 RWR result saved.
INFO:root:Compound 829 RWR result saved.
INFO:root:Compound 777 RWR result saved.
INFO:root:Compound 856 RWR result saved.
INFO:root:Compound 647 RWR result saved.
INFO:root:Compound 579 RWR result saved.
INFO:root:Compound 658 RWR result saved.
INFO:root:Compound 528 RWR result saved.
INFO:root:Compound 509 RWR result saved.
INFO:root:Compound 638 RWR result saved.
INFO:root:Compound 867 RWR result saved.
INFO:root:Compound 539 RWR result saved.
INFO:root:Compound 698 RWR result saved.
INFO:root:Compound 758 RWR result saved.
INFO:root:Compound 489 RWR result saved.
INFO:root:Compound 727 RWR result saved.
INFO:root:Compound 747 RWR result saved.
INFO:root:Compound 549 RWR result saved.
INFO:root:Compound 799 RWR result saved.
INFO:root:Compound 629 RWR result saved.
INFO:root:Compound 568 RWR result saved.
INFO:root:Compound 817 RWR result saved.
INFO:root:Compound 887 RWR result saved.
INFO:root:Compound 707 RWR result saved.
INFO:root:Compound 910 RWR result saved.
INFO:root:Compound 738 RWR result saved.
INFO:root:Compound 519 RWR result saved.
INFO:root:Compound 717 RWR result saved.
INFO:root:Compound 667 RWR result saved.
INFO:root:Compound 558 RWR result saved.
INFO:root:Compound 679 RWR result saved.
INFO:root:Compound 479 RWR result saved.
INFO:root:Compound 609 RWR result saved.
INFO:root:Compound 920 RWR result saved.
INFO:root:Compound 688 RWR result saved.
INFO:root:Compound 768 RWR result saved.
INFO:root:Compound 901 RWR result saved.
INFO:root:Compound 940 RWR result saved.
INFO:root:Compound 877 RWR result saved.
INFO:root:Compound 839 RWR result saved.
INFO:root:Compound 809 RWR result saved.
INFO:root:Compound 788 RWR result saved.
INFO:root:Compound 990 RWR result saved.
INFO:root:Compound 659 RWR result saved.
INFO:root:Compound 818 RWR result saved.
INFO:root:Compound 848 RWR result saved.
INFO:root:Compound 639 RWR result saved.
INFO:root:Compound 868 RWR result saved.
INFO:root:Compound 950 RWR result saved.
INFO:root:Compound 728 RWR result saved.
INFO:root:Compound 699 RWR result saved.
INFO:root:Compound 1000 RWR result saved.
INFO:root:Compound 569 RWR result saved.
INFO:root:Compound 739 RWR result saved.
INFO:root:Compound 980 RWR result saved.
INFO:root:Compound 589 RWR result saved.
INFO:root:Compound 857 RWR result saved.
INFO:root:Compound 529 RWR result saved.
INFO:root:Compound 778 RWR result saved.
INFO:root:Compound 648 RWR result saved.
INFO:root:Compound 897 RWR result saved.
INFO:root:Compound 930 RWR result saved.
INFO:root:Compound 1010 RWR result saved.
INFO:root:Compound 708 RWR result saved.
INFO:root:Compound 970 RWR result saved.
INFO:root:Compound 668 RWR result saved.
INFO:root:Compound 689 RWR result saved.
INFO:root:Compound 1020 RWR result saved.
INFO:root:Compound 748 RWR result saved.
INFO:root:Compound 911 RWR result saved.
INFO:root:Compound 759 RWR result saved.
INFO:root:Compound 960 RWR result saved.
INFO:root:Compound 718 RWR result saved.
INFO:root:Compound 769 RWR result saved.
INFO:root:Compound 888 RWR result saved.
INFO:root:Compound 1030 RWR result saved.
INFO:root:Compound 559 RWR result saved.
INFO:root:Compound 789 RWR result saved.
INFO:root:Compound 1170 RWR result saved.
INFO:root:Compound 1070 RWR result saved.
INFO:root:Compound 921 RWR result saved.
INFO:root:Compound 1060 RWR result saved.
INFO:root:Compound 1100 RWR result saved.
INFO:root:Compound 941 RWR result saved.
INFO:root:Compound 981 RWR result saved.
INFO:root:Compound 902 RWR result saved.
INFO:root:Compound 1150 RWR result saved.
INFO:root:Compound 849 RWR result saved.
INFO:root:Compound 991 RWR result saved.
INFO:root:Compound 869 RWR result saved.
INFO:root:Compound 858 RWR result saved.
INFO:root:Compound 1080 RWR result saved.
INFO:root:Compound 819 RWR result saved.
INFO:root:Compound 1040 RWR result saved.
INFO:root:Compound 649 RWR result saved.
INFO:root:Compound 1050 RWR result saved.
INFO:root:Compound 1120 RWR result saved.
INFO:root:Compound 729 RWR result saved.
INFO:root:Compound 878 RWR result saved.
INFO:root:Compound 1090 RWR result saved.
INFO:root:Compound 1001 RWR result saved.
INFO:root:Compound 1011 RWR result saved.
INFO:root:Compound 1140 RWR result saved.
INFO:root:Compound 1110 RWR result saved.
INFO:root:Compound 971 RWR result saved.
INFO:root:Compound 749 RWR result saved.
INFO:root:Compound 931 RWR result saved.
INFO:root:Compound 1160 RWR result saved.
INFO:root:Compound 1021 RWR result saved.
INFO:root:Compound 898 RWR result saved.
INFO:root:Compound 1130 RWR result saved.
INFO:root:Compound 982 RWR result saved.
INFO:root:Compound 1190 RWR result saved.
INFO:root:Compound 1151 RWR result saved.
INFO:root:Compound 951 RWR result saved.
INFO:root:Compound 1031 RWR result saved.
INFO:root:Compound 779 RWR result saved.
INFO:root:Compound 719 RWR result saved.
INFO:root:Compound 922 RWR result saved.
INFO:root:Compound 1101 RWR result saved.
INFO:root:Compound 889 RWR result saved.
INFO:root:Compound 859 RWR result saved.
INFO:root:Compound 1200 RWR result saved.
INFO:root:Compound 1171 RWR result saved.
INFO:root:Compound 1061 RWR result saved.
INFO:root:Compound 1081 RWR result saved.
INFO:root:Compound 709 RWR result saved.
INFO:root:Compound 1071 RWR result saved.
INFO:root:Compound 1240 RWR result saved.
INFO:root:Compound 912 RWR result saved.
INFO:root:Compound 879 RWR result saved.
INFO:root:Compound 1220 RWR result saved.
INFO:root:Compound 1180 RWR result saved.
INFO:root:Compound 1191 RWR result saved.
INFO:root:Compound 1210 RWR result saved.
INFO:root:Compound 992 RWR result saved.
INFO:root:Compound 669 RWR result saved.
INFO:root:Compound 1121 RWR result saved.
INFO:root:Compound 1091 RWR result saved.
INFO:root:Compound 1041 RWR result saved.
INFO:root:Compound 972 RWR result saved.
INFO:root:Compound 903 RWR result saved.
INFO:root:Compound 1051 RWR result saved.
INFO:root:Compound 1250 RWR result saved.
INFO:root:Compound 1022 RWR result saved.
INFO:root:Compound 1260 RWR result saved.
INFO:root:Compound 1152 RWR result saved.
INFO:root:Compound 1002 RWR result saved.
INFO:root:Compound 1102 RWR result saved.
INFO:root:Compound 942 RWR result saved.
INFO:root:Compound 1012 RWR result saved.
INFO:root:Compound 1230 RWR result saved.
INFO:root:Compound 1111 RWR result saved.
INFO:root:Compound 961 RWR result saved.
INFO:root:Compound 1221 RWR result saved.
INFO:root:Compound 983 RWR result saved.
INFO:root:Compound 1131 RWR result saved.
INFO:root:Compound 932 RWR result saved.
INFO:root:Compound 1141 RWR result saved.
INFO:root:Compound 1300 RWR result saved.
INFO:root:Compound 952 RWR result saved.
INFO:root:Compound 1201 RWR result saved.
INFO:root:Compound 899 RWR result saved.
INFO:root:Compound 1003 RWR result saved.
INFO:root:Compound 1161 RWR result saved.
INFO:root:Compound 1241 RWR result saved.
INFO:root:Compound 1320 RWR result saved.
INFO:root:Compound 1270 RWR result saved.
INFO:root:Compound 1032 RWR result saved.
INFO:root:Compound 1181 RWR result saved.
INFO:root:Compound 1072 RWR result saved.
INFO:root:Compound 1290 RWR result saved.
INFO:root:Compound 1280 RWR result saved.
INFO:root:Compound 1023 RWR result saved.
INFO:root:Compound 973 RWR result saved.
INFO:root:Compound 1231 RWR result saved.
INFO:root:Compound 1172 RWR result saved.
INFO:root:Compound 1062 RWR result saved.
INFO:root:Compound 923 RWR result saved.
INFO:root:Compound 1153 RWR result saved.
INFO:root:Compound 1122 RWR result saved.
INFO:root:Compound 1042 RWR result saved.
INFO:root:Compound 1082 RWR result saved.
INFO:root:Compound 993 RWR result saved.
INFO:root:Compound 1092 RWR result saved.
INFO:root:Compound 1192 RWR result saved.
INFO:root:Compound 1251 RWR result saved.
INFO:root:Compound 1103 RWR result saved.
INFO:root:Compound 1222 RWR result saved.
INFO:root:Compound 1132 RWR result saved.
INFO:root:Compound 984 RWR result saved.
INFO:root:Compound 1052 RWR result saved.
INFO:root:Compound 953 RWR result saved.
INFO:root:Compound 943 RWR result saved.
INFO:root:Compound 913 RWR result saved.
INFO:root:Compound 904 RWR result saved.
INFO:root:Compound 1211 RWR result saved.
INFO:root:Compound 962 RWR result saved.
INFO:root:Compound 1013 RWR result saved.
INFO:root:Compound 1310 RWR result saved.
INFO:root:Compound 1340 RWR result saved.
INFO:root:Compound 1271 RWR result saved.
INFO:root:Compound 1261 RWR result saved.
INFO:root:Compound 1330 RWR result saved.
INFO:root:Compound 1004 RWR result saved.
INFO:root:Compound 1112 RWR result saved.
INFO:root:Compound 1162 RWR result saved.
INFO:root:Compound 1063 RWR result saved.
INFO:root:Compound 1242 RWR result saved.
INFO:root:Compound 1142 RWR result saved.
INFO:root:Compound 1281 RWR result saved.
INFO:root:Compound 924 RWR result saved.
INFO:root:Compound 1301 RWR result saved.
INFO:root:Compound 1291 RWR result saved.
INFO:root:Compound 1173 RWR result saved.
INFO:root:Compound 1252 RWR result saved.
INFO:root:Compound 1033 RWR result saved.
INFO:root:Compound 1073 RWR result saved.
INFO:root:Compound 1182 RWR result saved.
INFO:root:Compound 1202 RWR result saved.
INFO:root:Compound 1193 RWR result saved.
INFO:root:Compound 1212 RWR result saved.
INFO:root:Compound 1321 RWR result saved.
INFO:root:Compound 1123 RWR result saved.
INFO:root:Compound 944 RWR result saved.
INFO:root:Compound 933 RWR result saved.
INFO:root:Compound 1154 RWR result saved.
INFO:root:Compound 1232 RWR result saved.
INFO:root:Compound 1005 RWR result saved.
INFO:root:Compound 905 RWR result saved.
INFO:root:Compound 994 RWR result saved.
INFO:root:Compound 1083 RWR result saved.
INFO:root:Compound 1163 RWR result saved.
INFO:root:Compound 1093 RWR result saved.
INFO:root:Compound 1043 RWR result saved.
INFO:root:Compound 974 RWR result saved.
INFO:root:Compound 1024 RWR result saved.
INFO:root:Compound 1223 RWR result saved.
INFO:root:Compound 1133 RWR result saved.
INFO:root:Compound 1311 RWR result saved.
INFO:root:Compound 1243 RWR result saved.
INFO:root:Compound 1272 RWR result saved.
INFO:root:Compound 1053 RWR result saved.
INFO:root:Compound 1143 RWR result saved.
INFO:root:Compound 1253 RWR result saved.
INFO:root:Compound 1064 RWR result saved.
INFO:root:Compound 1341 RWR result saved.
INFO:root:Compound 1104 RWR result saved.
INFO:root:Compound 1164 RWR result saved.
INFO:root:Compound 1155 RWR result saved.
INFO:root:Compound 1006 RWR result saved.
INFO:root:Compound 1292 RWR result saved.
INFO:root:Compound 914 RWR result saved.
INFO:root:Compound 1174 RWR result saved.
INFO:root:Compound 985 RWR result saved.
INFO:root:Compound 1014 RWR result saved.
INFO:root:Compound 1331 RWR result saved.
INFO:root:Compound 1282 RWR result saved.
INFO:root:Compound 1233 RWR result saved.
INFO:root:Compound 1262 RWR result saved.
INFO:root:Compound 963 RWR result saved.
INFO:root:Compound 1044 RWR result saved.
INFO:root:Compound 1203 RWR result saved.
INFO:root:Compound 1094 RWR result saved.
INFO:root:Compound 1124 RWR result saved.
INFO:root:Compound 1213 RWR result saved.
INFO:root:Compound 1183 RWR result saved.
INFO:root:Compound 995 RWR result saved.
INFO:root:Compound 954 RWR result saved.
INFO:root:Compound 1302 RWR result saved.
INFO:root:Compound 925 RWR result saved.
INFO:root:Compound 1194 RWR result saved.
INFO:root:Compound 1322 RWR result saved.
INFO:root:Compound 1034 RWR result saved.
INFO:root:Compound 945 RWR result saved.
INFO:root:Compound 1113 RWR result saved.
INFO:root:Compound 1156 RWR result saved.
INFO:root:Compound 906 RWR result saved.
INFO:root:Compound 1084 RWR result saved.
INFO:root:Compound 1244 RWR result saved.
INFO:root:Compound 1007 RWR result saved.
INFO:root:Compound 1125 RWR result saved.
INFO:root:Compound 1165 RWR result saved.
INFO:root:Compound 1224 RWR result saved.
INFO:root:Compound 1074 RWR result saved.
INFO:root:Compound 1065 RWR result saved.
INFO:root:Compound 1054 RWR result saved.
INFO:root:Compound 1312 RWR result saved.
INFO:root:Compound 1025 RWR result saved.
INFO:root:Compound 975 RWR result saved.
INFO:root:Compound 934 RWR result saved.
INFO:root:Compound 1134 RWR result saved.
INFO:root:Compound 1175 RWR result saved.
INFO:root:Compound 1105 RWR result saved.
INFO:root:Compound 1283 RWR result saved.
INFO:root:Compound 1342 RWR result saved.
INFO:root:Compound 964 RWR result saved.
INFO:root:Compound 1323 RWR result saved.
INFO:root:Compound 1144 RWR result saved.
INFO:root:Compound 1015 RWR result saved.
INFO:root:Compound 1273 RWR result saved.
INFO:root:Compound 1234 RWR result saved.
INFO:root:Compound 986 RWR result saved.
INFO:root:Compound 1293 RWR result saved.
INFO:root:Compound 1204 RWR result saved.
INFO:root:Compound 1114 RWR result saved.
INFO:root:Compound 1184 RWR result saved.
INFO:root:Compound 1332 RWR result saved.
INFO:root:Compound 1263 RWR result saved.
INFO:root:Compound 1008 RWR result saved.
INFO:root:Compound 1254 RWR result saved.
INFO:root:Compound 915 RWR result saved.
INFO:root:Compound 1095 RWR result saved.
INFO:root:Compound 955 RWR result saved.
INFO:root:Compound 996 RWR result saved.
INFO:root:Compound 1045 RWR result saved.
INFO:root:Compound 926 RWR result saved.
INFO:root:Compound 1214 RWR result saved.
INFO:root:Compound 1313 RWR result saved.
INFO:root:Compound 1035 RWR result saved.
INFO:root:Compound 946 RWR result saved.
INFO:root:Compound 1126 RWR result saved.
INFO:root:Compound 1245 RWR result saved.
INFO:root:Compound 1157 RWR result saved.
INFO:root:Compound 907 RWR result saved.
INFO:root:Compound 1195 RWR result saved.
INFO:root:Compound 1166 RWR result saved.
INFO:root:Compound 1303 RWR result saved.
INFO:root:Compound 1085 RWR result saved.
INFO:root:Compound 1225 RWR result saved.
INFO:root:Compound 935 RWR result saved.
INFO:root:Compound 1274 RWR result saved.
INFO:root:Compound 1026 RWR result saved.
INFO:root:Compound 1066 RWR result saved.
INFO:root:Compound 1284 RWR result saved.
INFO:root:Compound 1324 RWR result saved.
INFO:root:Compound 1055 RWR result saved.
INFO:root:Compound 1106 RWR result saved.
INFO:root:Compound 1009 RWR result saved.
INFO:root:Compound 1075 RWR result saved.
INFO:root:Compound 1333 RWR result saved.
INFO:root:Compound 1343 RWR result saved.
INFO:root:Compound 1135 RWR result saved.
INFO:root:Compound 1176 RWR result saved.
INFO:root:Compound 1145 RWR result saved.
INFO:root:Compound 916 RWR result saved.
INFO:root:Compound 1167 RWR result saved.
INFO:root:Compound 1264 RWR result saved.
INFO:root:Compound 1016 RWR result saved.
INFO:root:Compound 997 RWR result saved.
INFO:root:Compound 976 RWR result saved.
INFO:root:Compound 1294 RWR result saved.
INFO:root:Compound 1127 RWR result saved.
INFO:root:Compound 987 RWR result saved.
INFO:root:Compound 965 RWR result saved.
INFO:root:Compound 1027 RWR result saved.
INFO:root:Compound 1115 RWR result saved.
INFO:root:Compound 1314 RWR result saved.
INFO:root:Compound 1215 RWR result saved.
INFO:root:Compound 1350 RWR result saved.
INFO:root:Compound 1205 RWR result saved.
INFO:root:Compound 1185 RWR result saved.
INFO:root:Compound 1235 RWR result saved.
INFO:root:Compound 1255 RWR result saved.
INFO:root:Compound 908 RWR result saved.
INFO:root:Compound 1096 RWR result saved.
INFO:root:Compound 1136 RWR result saved.
INFO:root:Compound 1226 RWR result saved.
INFO:root:Compound 1086 RWR result saved.
INFO:root:Compound 1036 RWR result saved.
INFO:root:Compound 1177 RWR result saved.
INFO:root:Compound 956 RWR result saved.
INFO:root:Compound 1168 RWR result saved.
INFO:root:Compound 1246 RWR result saved.
INFO:root:Compound 927 RWR result saved.
INFO:root:Compound 1046 RWR result saved.
INFO:root:Compound 947 RWR result saved.
INFO:root:Compound 1325 RWR result saved.
INFO:root:Compound 1334 RWR result saved.
INFO:root:Compound 1107 RWR result saved.
INFO:root:Compound 1275 RWR result saved.
INFO:root:Compound 1304 RWR result saved.
INFO:root:Compound 1158 RWR result saved.
INFO:root:Compound 1196 RWR result saved.
INFO:root:Compound 1265 RWR result saved.
INFO:root:Compound 1128 RWR result saved.
INFO:root:Compound 1285 RWR result saved.
INFO:root:Compound 936 RWR result saved.
INFO:root:Compound 1076 RWR result saved.
INFO:root:Compound 1146 RWR result saved.
INFO:root:Compound 1216 RWR result saved.
INFO:root:Compound 1315 RWR result saved.
INFO:root:Compound 1056 RWR result saved.
INFO:root:Compound 1067 RWR result saved.
INFO:root:Compound 1344 RWR result saved.
INFO:root:Compound 1206 RWR result saved.
INFO:root:Compound 1351 RWR result saved.
INFO:root:Compound 909 RWR result saved.
INFO:root:Compound 1137 RWR result saved.
INFO:root:Compound 1186 RWR result saved.
INFO:root:Compound 1295 RWR result saved.
INFO:root:Compound 1116 RWR result saved.
INFO:root:Compound 1097 RWR result saved.
INFO:root:Compound 917 RWR result saved.
INFO:root:Compound 1236 RWR result saved.
INFO:root:Compound 988 RWR result saved.
INFO:root:Compound 998 RWR result saved.
INFO:root:Compound 1169 RWR result saved.
INFO:root:Compound 977 RWR result saved.
INFO:root:Compound 1028 RWR result saved.
INFO:root:Compound 1017 RWR result saved.
INFO:root:Compound 1077 RWR result saved.
INFO:root:Compound 1345 RWR result saved.
INFO:root:Compound 1335 RWR result saved.
INFO:root:Compound 966 RWR result saved.
INFO:root:Compound 1129 RWR result saved.
INFO:root:Compound 1227 RWR result saved.
INFO:root:Compound 1087 RWR result saved.
INFO:root:Compound 1256 RWR result saved.
INFO:root:Compound 1047 RWR result saved.
INFO:root:Compound 1305 RWR result saved.
INFO:root:Compound 1178 RWR result saved.
INFO:root:Compound 1360 RWR result saved.
INFO:root:Compound 928 RWR result saved.
INFO:root:Compound 1147 RWR result saved.
INFO:root:Compound 1316 RWR result saved.
INFO:root:Compound 957 RWR result saved.
INFO:root:Compound 1197 RWR result saved.
INFO:root:Compound 1108 RWR result saved.
INFO:root:Compound 1352 RWR result saved.
INFO:root:Compound 1247 RWR result saved.
INFO:root:Compound 1037 RWR result saved.
INFO:root:Compound 1217 RWR result saved.
INFO:root:Compound 1207 RWR result saved.
INFO:root:Compound 1159 RWR result saved.
INFO:root:Compound 948 RWR result saved.
INFO:root:Compound 937 RWR result saved.
INFO:root:Compound 1117 RWR result saved.
INFO:root:Compound 1237 RWR result saved.
INFO:root:Compound 918 RWR result saved.
INFO:root:Compound 1187 RWR result saved.
INFO:root:Compound 1326 RWR result saved.
INFO:root:Compound 978 RWR result saved.
INFO:root:Compound 1266 RWR result saved.
INFO:root:Compound 1276 RWR result saved.
INFO:root:Compound 1296 RWR result saved.
INFO:root:Compound 1068 RWR result saved.
INFO:root:Compound 1057 RWR result saved.
INFO:root:Compound 1098 RWR result saved.
INFO:root:Compound 1286 RWR result saved.
INFO:root:Compound 1138 RWR result saved.
INFO:root:Compound 1048 RWR result saved.
INFO:root:Compound 1078 RWR result saved.
INFO:root:Compound 1370 RWR result saved.
INFO:root:Compound 1179 RWR result saved.
INFO:root:Compound 1218 RWR result saved.
INFO:root:Compound 1317 RWR result saved.
INFO:root:Compound 1353 RWR result saved.
INFO:root:Compound 1029 RWR result saved.
INFO:root:Compound 1306 RWR result saved.
INFO:root:Compound 1346 RWR result saved.
INFO:root:Compound 1336 RWR result saved.
INFO:root:Compound 999 RWR result saved.
INFO:root:Compound 1228 RWR result saved.
INFO:root:Compound 1088 RWR result saved.
INFO:root:Compound 1118 RWR result saved.
INFO:root:Compound 929 RWR result saved.
INFO:root:Compound 1148 RWR result saved.
INFO:root:Compound 1238 RWR result saved.
INFO:root:Compound 1198 RWR result saved.
INFO:root:Compound 1390 RWR result saved.
INFO:root:Compound 1257 RWR result saved.
INFO:root:Compound 1018 RWR result saved.
INFO:root:Compound 1361 RWR result saved.
INFO:root:Compound 1380 RWR result saved.
INFO:root:Compound 989 RWR result saved.
INFO:root:Compound 949 RWR result saved.
INFO:root:Compound 967 RWR result saved.
INFO:root:Compound 1267 RWR result saved.
INFO:root:Compound 1208 RWR result saved.
INFO:root:Compound 979 RWR result saved.
INFO:root:Compound 1099 RWR result saved.
INFO:root:Compound 1038 RWR result saved.
INFO:root:Compound 1188 RWR result saved.
INFO:root:Compound 1297 RWR result saved.
INFO:root:Compound 1248 RWR result saved.
INFO:root:Compound 1079 RWR result saved.
INFO:root:Compound 1049 RWR result saved.
INFO:root:Compound 1058 RWR result saved.
INFO:root:Compound 1354 RWR result saved.
INFO:root:Compound 919 RWR result saved.
INFO:root:Compound 1109 RWR result saved.
INFO:root:Compound 1229 RWR result saved.
INFO:root:Compound 1327 RWR result saved.
INFO:root:Compound 938 RWR result saved.
INFO:root:Compound 958 RWR result saved.
INFO:root:Compound 1400 RWR result saved.
INFO:root:Compound 1069 RWR result saved.
INFO:root:Compound 1219 RWR result saved.
INFO:root:Compound 1089 RWR result saved.
INFO:root:Compound 1347 RWR result saved.
INFO:root:Compound 1362 RWR result saved.
INFO:root:Compound 1287 RWR result saved.
INFO:root:Compound 1199 RWR result saved.
INFO:root:Compound 1277 RWR result saved.
INFO:root:Compound 1318 RWR result saved.
INFO:root:Compound 1307 RWR result saved.
INFO:root:Compound 1460 RWR result saved.
INFO:root:Compound 1258 RWR result saved.
INFO:root:Compound 1371 RWR result saved.
INFO:root:Compound 1391 RWR result saved.
INFO:root:Compound 1420 RWR result saved.
INFO:root:Compound 1410 RWR result saved.
INFO:root:Compound 1149 RWR result saved.
INFO:root:Compound 1268 RWR result saved.
INFO:root:Compound 1337 RWR result saved.
INFO:root:Compound 1139 RWR result saved.
INFO:root:Compound 1450 RWR result saved.
INFO:root:Compound 1430 RWR result saved.
INFO:root:Compound 968 RWR result saved.
INFO:root:Compound 1019 RWR result saved.
INFO:root:Compound 1480 RWR result saved.
INFO:root:Compound 1490 RWR result saved.
INFO:root:Compound 939 RWR result saved.
INFO:root:Compound 1039 RWR result saved.
INFO:root:Compound 1470 RWR result saved.
INFO:root:Compound 1119 RWR result saved.
INFO:root:Compound 1239 RWR result saved.
INFO:root:Compound 1440 RWR result saved.
INFO:root:Compound 1189 RWR result saved.
INFO:root:Compound 1381 RWR result saved.
INFO:root:Compound 1355 RWR result saved.
INFO:root:Compound 1401 RWR result saved.
INFO:root:Compound 1510 RWR result saved.
INFO:root:Compound 1278 RWR result saved.
INFO:root:Compound 1540 RWR result saved.
INFO:root:Compound 1372 RWR result saved.
INFO:root:Compound 1530 RWR result saved.
INFO:root:Compound 1249 RWR result saved.
INFO:root:Compound 1319 RWR result saved.
INFO:root:Compound 1269 RWR result saved.
INFO:root:Compound 1328 RWR result saved.
INFO:root:Compound 1059 RWR result saved.
INFO:root:Compound 969 RWR result saved.
INFO:root:Compound 1209 RWR result saved.
INFO:root:Compound 1520 RWR result saved.
INFO:root:Compound 1298 RWR result saved.
INFO:root:Compound 1550 RWR result saved.
INFO:root:Compound 959 RWR result saved.
INFO:root:Compound 1348 RWR result saved.
INFO:root:Compound 1500 RWR result saved.
INFO:root:Compound 1580 RWR result saved.
INFO:root:Compound 1288 RWR result saved.
INFO:root:Compound 1421 RWR result saved.
INFO:root:Compound 1640 RWR result saved.
INFO:root:Compound 1560 RWR result saved.
INFO:root:Compound 1620 RWR result saved.
INFO:root:Compound 1363 RWR result saved.
INFO:root:Compound 1451 RWR result saved.
INFO:root:Compound 1461 RWR result saved.
INFO:root:Compound 1690 RWR result saved.
INFO:root:Compound 1491 RWR result saved.
INFO:root:Compound 1481 RWR result saved.
INFO:root:Compound 1570 RWR result saved.
INFO:root:Compound 1411 RWR result saved.
INFO:root:Compound 1392 RWR result saved.
INFO:root:Compound 1600 RWR result saved.
INFO:root:Compound 1299 RWR result saved.
INFO:root:Compound 1441 RWR result saved.
INFO:root:Compound 1402 RWR result saved.
INFO:root:Compound 1431 RWR result saved.
INFO:root:Compound 1308 RWR result saved.
INFO:root:Compound 1259 RWR result saved.
INFO:root:Compound 1471 RWR result saved.
INFO:root:Compound 1356 RWR result saved.
INFO:root:Compound 1511 RWR result saved.
INFO:root:Compound 1660 RWR result saved.
INFO:root:Compound 1610 RWR result saved.
INFO:root:Compound 1338 RWR result saved.
INFO:root:Compound 1541 RWR result saved.
INFO:root:Compound 1521 RWR result saved.
INFO:root:Compound 1452 RWR result saved.
INFO:root:Compound 1531 RWR result saved.
INFO:root:Compound 1590 RWR result saved.
INFO:root:Compound 1670 RWR result saved.
INFO:root:Compound 1630 RWR result saved.
INFO:root:Compound 1382 RWR result saved.
INFO:root:Compound 1329 RWR result saved.
INFO:root:Compound 1373 RWR result saved.
INFO:root:Compound 1641 RWR result saved.
INFO:root:Compound 1680 RWR result saved.
INFO:root:Compound 1700 RWR result saved.
INFO:root:Compound 1349 RWR result saved.
INFO:root:Compound 1601 RWR result saved.
INFO:root:Compound 1581 RWR result saved.
INFO:root:Compound 1279 RWR result saved.
INFO:root:Compound 1412 RWR result saved.
INFO:root:Compound 1621 RWR result saved.
INFO:root:Compound 1422 RWR result saved.
INFO:root:Compound 1393 RWR result saved.
INFO:root:Compound 1691 RWR result saved.
INFO:root:Compound 1532 RWR result saved.
INFO:root:Compound 1650 RWR result saved.
INFO:root:Compound 1339 RWR result saved.
INFO:root:Compound 1551 RWR result saved.
INFO:root:Compound 1364 RWR result saved.
INFO:root:Compound 1357 RWR result saved.
INFO:root:Compound 1462 RWR result saved.
INFO:root:Compound 1289 RWR result saved.
INFO:root:Compound 1309 RWR result saved.
INFO:root:Compound 1512 RWR result saved.
INFO:root:Compound 1561 RWR result saved.
INFO:root:Compound 1571 RWR result saved.
INFO:root:Compound 1453 RWR result saved.
INFO:root:Compound 1442 RWR result saved.
INFO:root:Compound 1642 RWR result saved.
INFO:root:Compound 1501 RWR result saved.
INFO:root:Compound 1482 RWR result saved.
INFO:root:Compound 1472 RWR result saved.
INFO:root:Compound 1432 RWR result saved.
INFO:root:Compound 1492 RWR result saved.
INFO:root:Compound 1602 RWR result saved.
INFO:root:Compound 1522 RWR result saved.
INFO:root:Compound 1603 RWR result saved.
INFO:root:Compound 1542 RWR result saved.
INFO:root:Compound 1631 RWR result saved.
INFO:root:Compound 1403 RWR result saved.
INFO:root:Compound 1383 RWR result saved.
INFO:root:Compound 1582 RWR result saved.
INFO:root:Compound 1611 RWR result saved.
INFO:root:Compound 1533 RWR result saved.
INFO:root:Compound 1374 RWR result saved.
INFO:root:Compound 1591 RWR result saved.
INFO:root:Compound 1612 RWR result saved.
INFO:root:Compound 1661 RWR result saved.
INFO:root:Compound 1572 RWR result saved.
INFO:root:Compound 1365 RWR result saved.
INFO:root:Compound 1622 RWR result saved.
INFO:root:Compound 1651 RWR result saved.
INFO:root:Compound 1643 RWR result saved.
INFO:root:Compound 1443 RWR result saved.
INFO:root:Compound 1358 RWR result saved.
INFO:root:Compound 1623 RWR result saved.
INFO:root:Compound 1423 RWR result saved.
INFO:root:Compound 1483 RWR result saved.
INFO:root:Compound 1413 RWR result saved.
INFO:root:Compound 1681 RWR result saved.
INFO:root:Compound 1701 RWR result saved.
INFO:root:Compound 1632 RWR result saved.
INFO:root:Compound 1671 RWR result saved.
INFO:root:Compound 1394 RWR result saved.
INFO:root:Compound 1454 RWR result saved.
INFO:root:Compound 1552 RWR result saved.
INFO:root:Compound 1473 RWR result saved.
INFO:root:Compound 1523 RWR result saved.
INFO:root:Compound 1502 RWR result saved.
INFO:root:Compound 1583 RWR result saved.
INFO:root:Compound 1692 RWR result saved.
INFO:root:Compound 1384 RWR result saved.
INFO:root:Compound 1433 RWR result saved.
INFO:root:Compound 1366 RWR result saved.
INFO:root:Compound 1592 RWR result saved.
INFO:root:Compound 1604 RWR result saved.
INFO:root:Compound 1534 RWR result saved.
INFO:root:Compound 1513 RWR result saved.
INFO:root:Compound 1484 RWR result saved.
INFO:root:Compound 1493 RWR result saved.
INFO:root:Compound 1463 RWR result saved.
INFO:root:Compound 1375 RWR result saved.
INFO:root:Compound 1404 RWR result saved.
INFO:root:Compound 1543 RWR result saved.
INFO:root:Compound 1662 RWR result saved.
INFO:root:Compound 1562 RWR result saved.
INFO:root:Compound 1444 RWR result saved.
INFO:root:Compound 1652 RWR result saved.
INFO:root:Compound 1553 RWR result saved.
INFO:root:Compound 1455 RWR result saved.
INFO:root:Compound 1653 RWR result saved.
INFO:root:Compound 1613 RWR result saved.
INFO:root:Compound 1573 RWR result saved.
INFO:root:Compound 1359 RWR result saved.
INFO:root:Compound 1633 RWR result saved.
INFO:root:Compound 1584 RWR result saved.
INFO:root:Compound 1414 RWR result saved.
INFO:root:Compound 1702 RWR result saved.
INFO:root:Compound 1385 RWR result saved.
INFO:root:Compound 1424 RWR result saved.
INFO:root:Compound 1644 RWR result saved.
INFO:root:Compound 1395 RWR result saved.
INFO:root:Compound 1682 RWR result saved.
INFO:root:Compound 1693 RWR result saved.
INFO:root:Compound 1514 RWR result saved.
INFO:root:Compound 1624 RWR result saved.
INFO:root:Compound 1672 RWR result saved.
INFO:root:Compound 1593 RWR result saved.
INFO:root:Compound 1474 RWR result saved.
INFO:root:Compound 1376 RWR result saved.
INFO:root:Compound 1634 RWR result saved.
INFO:root:Compound 1535 RWR result saved.
INFO:root:Compound 1456 RWR result saved.
INFO:root:Compound 1434 RWR result saved.
INFO:root:Compound 1574 RWR result saved.
INFO:root:Compound 1605 RWR result saved.
INFO:root:Compound 1544 RWR result saved.
INFO:root:Compound 1524 RWR result saved.
INFO:root:Compound 1464 RWR result saved.
INFO:root:Compound 1503 RWR result saved.
INFO:root:Compound 1367 RWR result saved.
INFO:root:Compound 1663 RWR result saved.
INFO:root:Compound 1614 RWR result saved.
INFO:root:Compound 1654 RWR result saved.
INFO:root:Compound 1386 RWR result saved.
INFO:root:Compound 1485 RWR result saved.
INFO:root:Compound 1415 RWR result saved.
INFO:root:Compound 1703 RWR result saved.
INFO:root:Compound 1475 RWR result saved.
INFO:root:Compound 1396 RWR result saved.
INFO:root:Compound 1585 RWR result saved.
INFO:root:Compound 1445 RWR result saved.
INFO:root:Compound 1405 RWR result saved.
INFO:root:Compound 1645 RWR result saved.
INFO:root:Compound 1563 RWR result saved.
INFO:root:Compound 1494 RWR result saved.
INFO:root:Compound 1673 RWR result saved.
INFO:root:Compound 1504 RWR result saved.
INFO:root:Compound 1515 RWR result saved.
INFO:root:Compound 1694 RWR result saved.
INFO:root:Compound 1465 RWR result saved.
INFO:root:Compound 1435 RWR result saved.
INFO:root:Compound 1476 RWR result saved.
INFO:root:Compound 1554 RWR result saved.
INFO:root:Compound 1575 RWR result saved.
INFO:root:Compound 1536 RWR result saved.
INFO:root:Compound 1625 RWR result saved.
INFO:root:Compound 1397 RWR result saved.
INFO:root:Compound 1635 RWR result saved.
INFO:root:Compound 1683 RWR result saved.
INFO:root:Compound 1377 RWR result saved.
INFO:root:Compound 1594 RWR result saved.
INFO:root:Compound 1387 RWR result saved.
INFO:root:Compound 1586 RWR result saved.
INFO:root:Compound 1425 RWR result saved.
INFO:root:Compound 1368 RWR result saved.
INFO:root:Compound 1615 RWR result saved.
INFO:root:Compound 1545 RWR result saved.
INFO:root:Compound 1525 RWR result saved.
INFO:root:Compound 1486 RWR result saved.
INFO:root:Compound 1664 RWR result saved.
INFO:root:Compound 1457 RWR result saved.
INFO:root:Compound 1606 RWR result saved.
INFO:root:Compound 1646 RWR result saved.
INFO:root:Compound 1636 RWR result saved.
INFO:root:Compound 1704 RWR result saved.
INFO:root:Compound 1655 RWR result saved.
INFO:root:Compound 1674 RWR result saved.
INFO:root:Compound 1684 RWR result saved.
INFO:root:Compound 1564 RWR result saved.
INFO:root:Compound 1505 RWR result saved.
INFO:root:Compound 1446 RWR result saved.
INFO:root:Compound 1406 RWR result saved.
INFO:root:Compound 1416 RWR result saved.
INFO:root:Compound 1626 RWR result saved.
INFO:root:Compound 1495 RWR result saved.
INFO:root:Compound 1537 RWR result saved.
INFO:root:Compound 1369 RWR result saved.
INFO:root:Compound 1627 RWR result saved.
INFO:root:Compound 1576 RWR result saved.
INFO:root:Compound 1436 RWR result saved.
INFO:root:Compound 1587 RWR result saved.
INFO:root:Compound 1398 RWR result saved.
INFO:root:Compound 1378 RWR result saved.
INFO:root:Compound 1466 RWR result saved.
INFO:root:Compound 1595 RWR result saved.
INFO:root:Compound 1637 RWR result saved.
INFO:root:Compound 1555 RWR result saved.
INFO:root:Compound 1695 RWR result saved.
INFO:root:Compound 1546 RWR result saved.
INFO:root:Compound 1516 RWR result saved.
INFO:root:Compound 1487 RWR result saved.
INFO:root:Compound 1526 RWR result saved.
INFO:root:Compound 1477 RWR result saved.
INFO:root:Compound 1458 RWR result saved.
INFO:root:Compound 1607 RWR result saved.
INFO:root:Compound 1665 RWR result saved.
INFO:root:Compound 1696 RWR result saved.
INFO:root:Compound 1388 RWR result saved.
INFO:root:Compound 1426 RWR result saved.
INFO:root:Compound 1447 RWR result saved.
INFO:root:Compound 1565 RWR result saved.
INFO:root:Compound 1656 RWR result saved.
INFO:root:Compound 1506 RWR result saved.
INFO:root:Compound 1647 RWR result saved.
INFO:root:Compound 1417 RWR result saved.
INFO:root:Compound 1616 RWR result saved.
INFO:root:Compound 1437 RWR result saved.
INFO:root:Compound 1538 RWR result saved.
INFO:root:Compound 1407 RWR result saved.
INFO:root:Compound 1705 RWR result saved.
INFO:root:Compound 1638 RWR result saved.
INFO:root:Compound 1517 RWR result saved.
INFO:root:Compound 1478 RWR result saved.
INFO:root:Compound 1399 RWR result saved.
INFO:root:Compound 1577 RWR result saved.
INFO:root:Compound 1675 RWR result saved.
INFO:root:Compound 1588 RWR result saved.
INFO:root:Compound 1685 RWR result saved.
INFO:root:Compound 1488 RWR result saved.
INFO:root:Compound 1496 RWR result saved.
INFO:root:Compound 1608 RWR result saved.
INFO:root:Compound 1459 RWR result saved.
INFO:root:Compound 1547 RWR result saved.
INFO:root:Compound 1628 RWR result saved.
INFO:root:Compound 1556 RWR result saved.
INFO:root:Compound 1467 RWR result saved.
INFO:root:Compound 1379 RWR result saved.
INFO:root:Compound 1389 RWR result saved.
INFO:root:Compound 1438 RWR result saved.
INFO:root:Compound 1596 RWR result saved.
INFO:root:Compound 1697 RWR result saved.
INFO:root:Compound 1507 RWR result saved.
INFO:root:Compound 1609 RWR result saved.
INFO:root:Compound 1418 RWR result saved.
INFO:root:Compound 1527 RWR result saved.
INFO:root:Compound 1666 RWR result saved.
INFO:root:Compound 1448 RWR result saved.
INFO:root:Compound 1648 RWR result saved.
INFO:root:Compound 1427 RWR result saved.
INFO:root:Compound 1408 RWR result saved.
INFO:root:Compound 1657 RWR result saved.
INFO:root:Compound 1639 RWR result saved.
INFO:root:Compound 1539 RWR result saved.
INFO:root:Compound 1566 RWR result saved.
INFO:root:Compound 1479 RWR result saved.
INFO:root:Compound 1617 RWR result saved.
INFO:root:Compound 1518 RWR result saved.
INFO:root:Compound 1589 RWR result saved.
INFO:root:Compound 1578 RWR result saved.
INFO:root:Compound 1698 RWR result saved.
INFO:root:Compound 1629 RWR result saved.
INFO:root:Compound 1508 RWR result saved.
INFO:root:Compound 1468 RWR result saved.
INFO:root:Compound 1497 RWR result saved.
INFO:root:Compound 1676 RWR result saved.
INFO:root:Compound 1686 RWR result saved.
INFO:root:Compound 1548 RWR result saved.
INFO:root:Compound 1489 RWR result saved.
INFO:root:Compound 1557 RWR result saved.
INFO:root:Compound 1439 RWR result saved.
INFO:root:Compound 1597 RWR result saved.
INFO:root:Compound 1618 RWR result saved.
INFO:root:Compound 1667 RWR result saved.
INFO:root:Compound 1658 RWR result saved.
INFO:root:Compound 1409 RWR result saved.
INFO:root:Compound 1649 RWR result saved.
INFO:root:Compound 1528 RWR result saved.
INFO:root:Compound 1419 RWR result saved.
INFO:root:Compound 1449 RWR result saved.
INFO:root:Compound 1579 RWR result saved.
INFO:root:Compound 1428 RWR result saved.
INFO:root:Compound 1567 RWR result saved.
INFO:root:Compound 1687 RWR result saved.
INFO:root:Compound 1509 RWR result saved.
INFO:root:Compound 1519 RWR result saved.
INFO:root:Compound 1677 RWR result saved.
INFO:root:Compound 1699 RWR result saved.
INFO:root:Compound 1558 RWR result saved.
INFO:root:Compound 1469 RWR result saved.
INFO:root:Compound 1498 RWR result saved.
INFO:root:Compound 1619 RWR result saved.
INFO:root:Compound 1549 RWR result saved.
INFO:root:Compound 1598 RWR result saved.
INFO:root:Compound 1659 RWR result saved.
INFO:root:Compound 1668 RWR result saved.
INFO:root:Compound 1529 RWR result saved.
INFO:root:Compound 1429 RWR result saved.
INFO:root:Compound 1688 RWR result saved.
INFO:root:Compound 1568 RWR result saved.
INFO:root:Compound 1499 RWR result saved.
INFO:root:Compound 1559 RWR result saved.
INFO:root:Compound 1678 RWR result saved.
INFO:root:Compound 1599 RWR result saved.
INFO:root:Compound 1669 RWR result saved.
INFO:root:Compound 1689 RWR result saved.
INFO:root:Compound 1569 RWR result saved.
INFO:root:Compound 1679 RWR result saved.
INFO:root:Total compounds not reaching any pathway > 6: [1603, 1612, 1623, 1653, 1627, 1696]
